Build started 9/12/2014 4:45:26 PM.
     1>Project "C:\Users\saeid\Documents\Visual Studio 2010\Projects\Camera_stabilization\Camera_stabilization.vcxproj" on node 2 (rebuild target(s)).
     1>InitializeBuildStatus:
         Creating "Debug\Camera_stabilization.unsuccessfulbuild" because "AlwaysCreate" was specified.
       ClCompile:
         C:\Program Files (x86)\Microsoft Visual Studio 10.0\VC\bin\CL.exe /c /ZI /nologo /W3 /WX- /Od /Oy- /D WIN32 /D _DEBUG /D _CONSOLE /D _UNICODE /D UNICODE /Gm /EHsc /RTC1 /MDd /GS /fp:precise /Zc:wchar_t /Zc:forScope /Fo"Debug\\" /Fd"Debug\vc100.pdb" /Gd /TP /analyze- /errorReport:prompt main.cpp
         main.cpp
     1>d:\opencv\build\include\opencv2\flann\logger.h(66): warning C4996: 'fopen': This function or variable may be unsafe. Consider using fopen_s instead. To disable deprecation, use _CRT_SECURE_NO_WARNINGS. See online help for details.
                 c:\program files (x86)\microsoft visual studio 10.0\vc\include\stdio.h(234) : see declaration of 'fopen'
     1>c:\users\saeid\documents\visual studio 2010\projects\camera_stabilization\main.cpp(142): warning C4244: '=' : conversion from 'double' to 'float', possible loss of data
     1>c:\users\saeid\documents\visual studio 2010\projects\camera_stabilization\main.cpp(143): warning C4244: '=' : conversion from 'double' to 'float', possible loss of data
     1>c:\users\saeid\documents\visual studio 2010\projects\camera_stabilization\main.cpp(177): warning C4244: '=' : conversion from 'double' to 'float', possible loss of data
     1>c:\users\saeid\documents\visual studio 2010\projects\camera_stabilization\main.cpp(170): warning C4101: 'mode_cnt' : unreferenced local variable
       ManifestResourceCompile:
         C:\Program Files (x86)\Microsoft SDKs\Windows\v7.0A\bin\rc.exe /nologo /fo"Debug\Camera_stabilization.exe.embed.manifest.res" Debug\Camera_stabilization_manifest.rc 
       Link:
         C:\Program Files (x86)\Microsoft Visual Studio 10.0\VC\bin\link.exe /ERRORREPORT:PROMPT /OUT:"C:\Users\saeid\Documents\Visual Studio 2010\Projects\Camera_stabilization\Debug\Camera_stabilization.exe" /INCREMENTAL /NOLOGO opencv_calib3d249d.lib opencv_core249d.lib opencv_imgproc249d.lib opencv_highgui249d.lib opencv_ml249d.lib opencv_video249d.lib opencv_features2d249d.lib opencv_objdetect249d.lib opencv_contrib249d.lib opencv_legacy249d.lib opencv_flann249d.lib opencv_gpu249d.lib opencv_nonfree249d.lib opencv_photo249d.lib opencv_stitching249d.lib opencv_ts249d.lib opencv_videostab249d.lib kernel32.lib user32.lib gdi32.lib winspool.lib comdlg32.lib advapi32.lib shell32.lib ole32.lib oleaut32.lib uuid.lib odbc32.lib odbccp32.lib /MANIFEST /ManifestFile:"Debug\Camera_stabilization.exe.intermediate.manifest" /MANIFESTUAC:"level='asInvoker' uiAccess='false'" /DEBUG /PDB:"C:\Users\saeid\Documents\Visual Studio 2010\Projects\Camera_stabilization\Debug\Camera_stabilization.pdb" /SUBSYSTEM:CONSOLE /TLBID:1 /DYNAMICBASE /NXCOMPAT /IMPLIB:"C:\Users\saeid\Documents\Visual Studio 2010\Projects\Camera_stabilization\Debug\Camera_stabilization.lib" /MACHINE:X86 Debug\Camera_stabilization.exe.embed.manifest.res
         Debug\main.obj
       Manifest:
         Deleting file "Debug\Camera_stabilization.exe.embed.manifest".
         C:\Program Files (x86)\Microsoft SDKs\Windows\v7.0A\bin\mt.exe /nologo /verbose /out:"Debug\Camera_stabilization.exe.embed.manifest" /manifest Debug\Camera_stabilization.exe.intermediate.manifest
         C:\Program Files (x86)\Microsoft SDKs\Windows\v7.0A\bin\rc.exe /nologo /fo"Debug\Camera_stabilization.exe.embed.manifest.res" Debug\Camera_stabilization_manifest.rc 
       LinkEmbedManifest:
         C:\Program Files (x86)\Microsoft Visual Studio 10.0\VC\bin\link.exe /ERRORREPORT:PROMPT /OUT:"C:\Users\saeid\Documents\Visual Studio 2010\Projects\Camera_stabilization\Debug\Camera_stabilization.exe" /INCREMENTAL /NOLOGO opencv_calib3d249d.lib opencv_core249d.lib opencv_imgproc249d.lib opencv_highgui249d.lib opencv_ml249d.lib opencv_video249d.lib opencv_features2d249d.lib opencv_objdetect249d.lib opencv_contrib249d.lib opencv_legacy249d.lib opencv_flann249d.lib opencv_gpu249d.lib opencv_nonfree249d.lib opencv_photo249d.lib opencv_stitching249d.lib opencv_ts249d.lib opencv_videostab249d.lib kernel32.lib user32.lib gdi32.lib winspool.lib comdlg32.lib advapi32.lib shell32.lib ole32.lib oleaut32.lib uuid.lib odbc32.lib odbccp32.lib /MANIFEST /ManifestFile:"Debug\Camera_stabilization.exe.intermediate.manifest" /MANIFESTUAC:"level='asInvoker' uiAccess='false'" /DEBUG /PDB:"C:\Users\saeid\Documents\Visual Studio 2010\Projects\Camera_stabilization\Debug\Camera_stabilization.pdb" /SUBSYSTEM:CONSOLE /TLBID:1 /DYNAMICBASE /NXCOMPAT /IMPLIB:"C:\Users\saeid\Documents\Visual Studio 2010\Projects\Camera_stabilization\Debug\Camera_stabilization.lib" /MACHINE:X86 Debug\Camera_stabilization.exe.embed.manifest.res
         Debug\main.obj
         Camera_stabilization.vcxproj -> C:\Users\saeid\Documents\Visual Studio 2010\Projects\Camera_stabilization\Debug\Camera_stabilization.exe
       FinalizeBuildStatus:
         Deleting file "Debug\Camera_stabilization.unsuccessfulbuild".
         Touching "Debug\Camera_stabilization.lastbuildstate".
     1>Done Building Project "C:\Users\saeid\Documents\Visual Studio 2010\Projects\Camera_stabilization\Camera_stabilization.vcxproj" (rebuild target(s)).

Build succeeded.

Time Elapsed 00:00:06.33
